> QL Studio 2 ready
> Loaded: ../sprites.json (17 sprites, 1 images)
> Building...
! Build FAILED
- mkdir -p build
/Users/roger/retro-tools/atarist-sdk/vbcc/bin/vbccm68k -quiet -c99 -cpu=68000 -O=1 -I/Users/roger/retro-tools/atarist-sdk/vbcc/targets/m68k-atari/include -I. -I.. main.c -o=build/main.asm && /Users/roger/retro-tools/vasm/vasm68k_mot -Fvob
> Emulator started
> Using Config: ql.ini
> using Minerva ROM
> Patching Boot Device mdv1 at 0x83ca
> Removing dir /Users/roger/Documents/iQLmac/ram1
> Removing dir /Users/roger/Documents/iQLmac/ram2
> Removing dir /Users/roger/Documents/iQLmac/ram3
> Initialising RAM
> Initialising WIN
> Initialising MDV
> Making dir /Users/roger/Documents/iQLmac/ram1
> Making dir /Users/roger/Documents/iQLmac/ram2
> Making dir /Users/roger/Documents/iQLmac/ram3
* Software breakpoints enabled (after boot delay)
> Building...
> Build OK
- ../tools/tos2ql/tos2ql build/rescue.tos rescue
TOS: text=38932 data=44 bss=7330 sym=29540
Relocations: 1574 fixups
Output: rescue (42172 bytes)
  Stub: 36, Reloc: 3152, Code: 38976
  Header: XTcc trailer (11426 data space)

> Building...
> Build OK
- /Users/roger/retro-tools/atarist-sdk/vbcc/bin/vbccm68k -quiet -c99 -cpu=68000 -O=1 -I/Users/roger/retro-tools/atarist-sdk/vbcc/targets/m68k-atari/include -I. main.c -o=build/main.asm && /Users/roger/retro-tools/vasm/vasm68k_mot -Fvobj -m68000 -quiet -o 
* SOFTWARE BP #1 hit
